0
0
0
0
0
0
0
0
0
0
0
0
0
0
0
0
0
0
0
0
0
0
0
0
0
0
0
0
0
0
0
0
0
0
0
0
-100
0
-100
0
-100
0
-100
0
-100
0
-100
0
-100
0
-100
0
-100
0
-100
0
-100
0
-100
0
-100
0
-100
0
-100
0
-100
0
-100
0
-100
0
-100
0
-100
0
-100
0
-100
0
-100
0
-100
0
-100
0
-100
0
-100
0
-100
0
-100
0
-100
0
-100
0
-100
0
-100
0
-100
0
-100
0
-100
0
-100
0
-100
0
-100
0
-100
0
-100
0
-100
0
-100
0
-100
0
-100
0
-100
0
-100
0
-100
0
-100
0
-100
0
-100
0
-100
0
-100
0
-100
0
-100
0
-100
0
-100
0
-100
0
-100
0
-100
0
-100
0
-100
0
-100
0
-100
0
-100
0
-100
0
-100
0
-100
0
-100
0
-100
0
-100
0
-100
0
-100
0
-100
0
-100
0
-100
0
-100
0
-100
0
-100
0
-100
0
-100
0
-100
0
-100
0
-100
0
-100
0
-100
0
-100
0
-100
0
-100
0
-100
0
-100
0
-100
0
-100
0
-100
0
-100
0
-100
0
-100
0
-100
0
-100
0
-100
0
-100
0
-100
0
-100
0
-100
0
-100
0
-100
0
-100
0
-100
0
-100
0
-100
0
-100
0
-100
0
-100
-20
-100
-40
-100
-60
-100
-80
-100
-100
-100
-120
-100
-140
-100
-140
-100
-140
-100
-140
-100
-140
-100
-140
-100
-140
-100
-140
-100
-140
-100
-140
-100
-140
-100
-140
-100
-140
-100
-140
-100
-140
-100
-140
-100
-140
-100
-140
-100
-140
-100
-140
-100
-140
-100
-160
-100
-180
-100
-200
-100
-220
-100
-240
-100
-260
-100
-280
-100
-300
-100
-320
-100
-340
-100
-360
-100
-380
-100
-400
-100
-420
-100
-440
-100
-460
-100
-460
-100
-460
-100
-460
-100
-460
-100
-460
-100
-460
-100
-460
-100
-460
-100
-460
-100
-460
-100
-460
-100
-460
-100
-460
-100
-460
-100
-460
-100
-460
-100
-460
-100
-460
-100
-460
-100
-460
-100
-460
-100
-460
-100
-460
-100
-460
-100
-460
-100
-460
-100
-460
-100
-460
0
-460
0
-460
16,6667
-460
33,3334
-460
50,0001
-460
66,6668
-460
83,3335
-460
100,0002
-460
116,6669
-460
133,3336
-460
150,0003
-460
166,667
-460
183,3337
-460
200,0004
-460
216,6671
-460
233,3338
-460
250,0005
-460
266,6672
-460
283,3339
-460
200,0006
-460
216,6673
-460
233,334
-460
250,0007
-460
266,6674
-460
283,3341
-460
300,0008
-460
316,6674
-460
333,3341
-460
350,0008
-460
366,6675
-460
383,3342
-460
400,0009
-460
416,6676
-460
433,3343
-460
450,0009
-460
466,6676
-460
483,3343
-460
400,001
-460
416,6677
-460
433,3344
-460
450,0011
-460
466,6678
-460
483,3344
-460
500,0011
-460
516,6678
-460
533,3345
-460
550,0012
-460
566,6679
-460
583,3346
-460
600,0013
-460
616,668
-460
633,3347
-460
650,0013
-460
666,668
-460
683,3347
-460
600,0014
-460
616,6681
-460
633,3348
-460
650,0015
-460
666,6682
-460
683,3348
-460
700,0015
-460
716,6682
-460
733,3349
-460
750,0016
-460
766,6683
-460
783,335
-460
800,0016
-460
816,6683
-460
833,335
-460
850,0017
-460
866,6684
-460
883,3351
-460
800,0018
-460
816,6685
-460
833,3351
-460
850,0018
-460
866,6685
-460
883,3352
-460
900,0019
-460
916,6686
-460
933,3353
-460
950,002
-460
966,6686
-460
983,3353
-460
1000,002
-460
Collission!
Paused is true
Paused is true
Paused is true
Paused is true
Paused is true
Paused is true
Paused is true
Paused is true
Paused is true
Paused is true
Paused is true
Paused is true
Paused is true
Paused is true
Paused is true
Paused is true
Paused is true
Paused is true
Paused is true
Paused is true
Paused is true
Paused is true
Paused is true
Paused is true
Paused is true
Paused is true
Paused is true
Paused is true
Paused is true
Paused is true
Paused is true
Paused is true
Paused is true
Paused is true
Paused is true
Paused is true
Paused is true
Paused is true
Paused is true
Paused is true
Paused is true
Paused is true
Paused is true
Paused is true
Paused is true
Paused is true
Paused is true
Paused is true
Paused is true
Paused is true
Paused is true
Paused is true
Paused is true
Paused is true
Paused is true
Paused is true
Paused is true
Paused is true
Paused is true
Paused is true
Paused is true
Paused is true
Paused is true
Paused is true
Paused is true
Paused is true
Paused is true
Paused is true
Paused is true
Paused is true
Paused is true
Paused is true
Paused is true
Paused is true
Paused is true
Paused is true
Paused is true
Paused is true
Paused is true
Paused is true
Paused is true
Paused is true
Paused is true
Paused is true
Paused is true
Paused is true
Paused is true
Paused is true
Paused is true
Paused is true
Paused is true
Paused is true
Paused is true
Paused is true
Paused is true
Paused is true
Paused is true
Paused is true
Paused is true
Paused is true
Paused is true
Paused is true
Paused is true
Paused is true
Paused is true
Paused is true
Paused is true
Paused is true
Paused is true
Paused is true
Paused is true
Paused is true
Paused is true
Paused is true
Paused is true
Paused is true
Paused is true
Paused is set on False
Paused is true
1016,669
-460
1016,669
-460
1016,669
-460
1016,669
-460
1016,669
-460
916,6687
-460
916,6687
-460
916,6687
-460
916,6687
-460
916,6687
-460
916,6687
-460
916,6687
-460
916,6687
-460
916,6687
-460
916,6687
-460
916,6687
-460
916,6687
-460
916,6687
-460
916,6687
-460
916,6687
-460
916,6687
-460
916,6687
-460
916,6687
-460
816,6687
-460
816,6687
-460
816,6687
-460
816,6687
-460
816,6687
-460
816,6687
-460
816,6687
-460
816,6687
-460
816,6687
-460
816,6687
-460
816,6687
-460
816,6687
-460
816,6687
-460
816,6687
-460
816,6687
-460
816,6687
-460
816,6687
-460
816,6687
-460
716,6687
-460
716,6687
-460
716,6687
-460
716,6687
-460
716,6687
-460
716,6687
-460
716,6687
-460
716,6687
-460
716,6687
-460
716,6687
-460
716,6687
-460
716,6687
-460
716,6687
-460
716,6687
-460
716,6687
-460
716,6687
-460
716,6687
-460
716,6687
-460
616,6687
-460
616,6687
-460
616,6687
-460
616,6687
-460
616,6687
-460
616,6687
-460
616,6687
-460
616,6687
-460
616,6687
-460
616,6687
-460
616,6687
-460
616,6687
-460
616,6687
-460
616,6687
-460
616,6687
-460
616,6687
-460
616,6687
-460
616,6687
-460
516,6687
-460
516,6687
-460
516,6687
-460
516,6687
-460
516,6687
-460
516,6687
-460
516,6687
-460
516,6687
-460
516,6687
-460
516,6687
-460
516,6687
-460
516,6687
-460
516,6687
-460
516,6687
-460
516,6687
-460
516,6687
-460
516,6687
-460
516,6687
-460
416,6687
-460
416,6687
-460
416,6687
-460
416,6687
-460
416,6687
-460
416,6687
-460
Collission!
Paused is true
Paused is true
Paused is true
Paused is true
Paused is true
Paused is true
Paused is true
Paused is true
Paused is true
Paused is true
Paused is true
Paused is true
Paused is true
Paused is true
Paused is true
Paused is true
Paused is true
Paused is true
Paused is true
Paused is true
Paused is true
Paused is true
Paused is true
Paused is true
Paused is true
Paused is true
Paused is true
Paused is true
Paused is true
Paused is true
Paused is true
Paused is true
Paused is true
Paused is true
Paused is true
Paused is true
Paused is true
Paused is true
Paused is true
Paused is true
Paused is true
Paused is true
Paused is true
Paused is true
Paused is true
Paused is true
Paused is true
Paused is true
Paused is true
Paused is true
Paused is true
Paused is true
Paused is true
Paused is set on False
Paused is true
416,6687
-460
Collission!
Paused is set on False
Paused is true
416,6687
-460
Collission!
Paused is set on False
Paused is true
416,6687
-460
Collission!
Paused is true
Paused is true
Paused is true
Paused is true
Paused is true
Paused is true
Paused is true
Paused is true
Paused is true
Paused is true
Paused is true
Paused is true
Paused is true
Paused is true
Paused is true
Paused is true
Paused is true
Paused is true
Paused is true
Paused is true
Paused is true
Paused is true
Paused is true
Paused is true
Paused is true
Paused is true
Paused is true
Paused is set on False
Paused is true
416,6687
-460
Collission!
Paused is set on False
Paused is true
416,6687
-460
Collission!
Paused is true
Paused is true
Paused is true
Paused is true
Paused is true
Paused is true
Paused is true
Paused is true
Paused is true
Paused is true
Paused is true
Paused is true
Paused is true
Paused is true
Paused is true
Paused is true
Paused is true
Paused is true
Paused is true
Paused is true
Paused is true
Paused is true
Paused is true
Paused is true
Paused is true
Paused is true
Paused is true
Paused is true
Paused is true
Paused is true
Paused is true
Paused is true
Paused is true
Paused is set on False
Paused is true
416,6687
-460
Collission!
Paused is set on False
Paused is true
433,3354
-460
450,0021
-460
466,6688
-460
483,3354
-460
483,3354
-460
483,3354
-460
383,3354
-460
383,3354
-460
383,3354
-460
383,3354
-460
383,3354
-460
383,3354
-460
383,3354
-460
383,3354
-460
383,3354
-460
383,3354
-460
383,3354
-460
383,3354
-460
383,3354
-460
383,3354
-460
383,3354
-460
383,3354
-460
383,3354
-460
383,3354
-460
283,3354
-460
283,3354
-460
283,3354
-460
283,3354
-460
283,3354
-460
283,3354
-460
283,3354
-460
283,3354
-460
283,3354
-460
283,3354
-460
283,3354
-460
283,3354
-460
283,3354
-460
283,3354
-460
283,3354
-460
283,3354
-460
283,3354
-460
283,3354
-460
183,3354
-460
183,3354
-460
183,3354
-460
183,3354
-460
183,3354
-460
183,3354
-460
183,3354
-460
183,3354
-460
183,3354
-460
183,3354
-460
183,3354
-460
183,3354
-460
183,3354
-460
183,3354
-460
200,0022
-460
216,6689
-460
233,3356
-460
250,0023
-460
166,669
-460
183,3357
-460
200,0024
-460
216,6691
-460
233,3358
-460
250,0025
-460
266,6692
-460
283,3358
-460
300,0025
-460
316,6692
-460
333,3359
-460
350,0026
-460
366,6693
-460
383,336
-460
400,0027
-460
416,6693
-460
433,336
-460
433,336
-460
333,336
-460
333,336
-460
333,336
-460
333,336
-460
333,336
-460
333,336
-460
333,336
-460
333,336
-460
333,336
-460
333,336
-460
333,336
-460
333,336
-460
333,336
-460
333,336
-460
333,336
-460
333,336
-460
333,336
-460
333,336
-460
233,336
-460
233,336
-460
233,336
-460
233,336
-460
233,336
-460
233,336
-460
233,336
-460
233,336
-460
233,336
-460
233,336
-460
233,336
-460
233,336
-460
233,336
-460
233,336
-460
233,336
-460
233,336
-460
233,336
-460
233,336
-460
133,336
-460
133,336
-460
133,336
-460
133,336
-460
133,336
-460
133,336
-460
133,336
-460
133,336
-460
133,336
-460
133,336
-460
133,336
-460
133,336
-460
133,336
-460
133,336
-460
133,336
-460
133,336
-460
133,336
-460
133,336
-460
33,33603
-460
33,33603
-460
33,33603
-460
33,33603
-460
33,33603
-460
33,33603
-460
33,33603
-460
33,33603
-460
33,33603
-460
33,33603
-460
33,33603
-460
33,33603
-460
33,33603
-460
33,33603
-460
33,33603
-460
33,33603
-460
33,33603
-460
33,33603
-460
-66,66397
-460
-66,66397
-460
-66,66397
-460
-66,66397
-460
-66,66397
-460
-66,66397
-460
-66,66397
-460
-66,66397
-460
-66,66397
-460
-66,66397
-460
-66,66397
-460
-66,66397
-460
-66,66397
-460
-66,66397
-460
-66,66397
-460
-66,66397
-460
-66,66397
-460
-66,66397
-460
-66,66397
-460
-66,66397
-460
-66,66397
-460
-66,66397
-460
-66,66397
-460
-66,66397
-460
-66,66397
-460
-66,66397
-460
-66,66397
-460
-66,66397
-460
-66,66397
-460
-66,66397
-460
-66,66397
-460
-66,66397
-460
-66,66397
-460
-66,66397
-460
-66,66397
-460
-66,66397
-460
-66,66397
-460
-66,66397
-460
-66,66397
-460
-66,66397
-460
-66,66397
-460
-66,66397
-460
-66,66397
-460
-66,66397
-460
-66,66397
-460
-66,66397
-460
-66,66397
-460
-66,66397
-460
-66,66397
-460
-66,66397
-460
-66,66397
-460
-66,66397
-460
-66,66397
-460
-66,66397
-460
-66,66397
-460
-66,66397
-460
-66,66397
-460
-66,66397
-460
-66,66397
-460
-66,66397
-460
-66,66397
-460
-66,66397
-460
-66,66397
-460
-66,66397
-460
-66,66397
-460
-66,66397
-460
-66,66397
-460
-66,66397
-460
-66,66397
-460
-66,66397
-460
-66,66397
-460
-66,66397
-460
-66,66397
-460
-66,66397
-460
-66,66397
-460
-66,66397
-460
-66,66397
-460
-66,66397
-460
-66,66397
-460
-66,66397
-460
-66,66397
-460
-66,66397
-460
-66,66397
-460
-66,66397
-460
-66,66397
-460
-66,66397
-460
-66,66397
-460
-66,66397
-460
-66,66397
-460
-66,66397
-460
-66,66397
-460
-66,66397
-460
-66,66397
-460
-66,66397
-460
-66,66397
-460
-66,66397
-460
-66,66397
-460
-66,66397
-460
-66,66397
-460
-66,66397
-460
-66,66397
-460
-66,66397
-460
-66,66397
-460
-66,66397
-460
-66,66397
-460
-66,66397
-460
-66,66397
-460
-66,66397
-460
-66,66397
-460
-66,66397
-460
-66,66397
-460
-66,66397
-460
-66,66397
-460
-66,66397
-460
-66,66397
-460
-66,66397
-460
-66,66397
-460
-66,66397
-460
-66,66397
-460
-66,66397
-460
-66,66397
-460
-66,66397
-460
-66,66397
-460
-66,66397
-460
-66,66397
-460
-66,66397
-460
-66,66397
-460
-66,66397
-460
-66,66397
-460
-66,66397
-460
-66,66397
-460
-66,66397
-460
-66,66397
-460
-66,66397
-460
-66,66397
-460
-66,66397
-460
-66,66397
-460
-66,66397
-460
-66,66397
-460
-66,66397
-460
-66,66397
-460
-66,66397
-460
-66,66397
-460
-66,66397
-460
-66,66397
-460
-66,66397
-460
-66,66397
-460
-66,66397
-460
-66,66397
-460
-66,66397
-460
-66,66397
-460
-66,66397
-460
-66,66397
-460
-66,66397
-460
-66,66397
-460
-66,66397
-460
-66,66397
-460
-66,66397
-460
-66,66397
-460
-66,66397
-460
-66,66397
-460
-66,66397
-460
-66,66397
-460
-66,66397
-460
-66,66397
-460
-66,66397
-460
-66,66397
-460
-66,66397
-460
-66,66397
-460
-66,66397
-460
-66,66397
-460
-66,66397
-460
-66,66397
-460
-66,66397
-460
-66,66397
-460
-66,66397
-460
-66,66397
-460
-66,66397
-460
-66,66397
-460
-66,66397
-460
-66,66397
-460
-66,66397
-460
-66,66397
-460
-66,66397
-460
-66,66397
-460
-66,66397
-460
-66,66397
-460
-66,66397
-460
-66,66397
-460
-66,66397
-460
-66,66397
-460
-66,66397
-460
-66,66397
-460
-66,66397
-460
-66,66397
-460
-66,66397
-460
-66,66397
-460
-66,66397
-460
-66,66397
-460
-66,66397
-460
-66,66397
-460
-66,66397
-460
-66,66397
-460
-66,66397
-460
-66,66397
-460
-66,66397
-460
-66,66397
-460
-66,66397
-460
-66,66397
-460
-66,66397
-460
-66,66397
-460
-66,66397
-460
-66,66397
-460
-66,66397
-460
-66,66397
-460
-66,66397
-460
-66,66397
-460
-66,66397
-460
-66,66397
-460
-66,66397
-460
-66,66397
-460
-66,66397
-460
-66,66397
-460
-66,66397
-460
-66,66397
-460
-66,66397
-460
-66,66397
-460
-66,66397
-460
-66,66397
-460
-66,66397
-460
-66,66397
-460
-66,66397
-460
-66,66397
-460
-66,66397
-460
-66,66397
-460
-66,66397
-460
-66,66397
-460
-66,66397
-460
-66,66397
-460
-66,66397
-460
Collission!
Paused is true
Paused is true
Paused is true
Paused is true
Paused is true
Paused is true
Paused is true
Paused is true
Paused is true
Paused is true
Paused is true
Paused is true
Paused is true
Paused is true
Paused is true
Paused is true
Paused is true
Paused is true
Paused is true
Paused is true
Paused is true
Paused is true
Paused is true
Paused is true
Paused is true
Paused is true
Paused is true
Paused is true
Paused is true
Paused is true
Paused is true
Paused is true
Paused is true
Paused is true
Paused is true
Paused is true
Paused is true
Paused is true
Paused is true
Paused is true
Paused is true
Paused is true
Paused is true
Paused is true
Paused is true
Paused is true
Paused is true
Paused is true
Paused is true
Paused is true
Paused is true
Paused is true
Paused is true
Paused is true
Paused is true
Paused is true
Paused is true
Paused is true
Paused is true
Paused is true
Paused is true
Paused is true
Paused is true
Paused is true
Paused is true
Paused is true
Paused is true
Paused is true
Paused is true
Paused is true
Paused is true
Paused is true
Paused is set on False
Paused is true
-66,66397
-460
Collission!
Paused is set on False
Paused is true
-66,66397
-460
Collission!
Paused is set on False
Paused is true
-66,66397
-460
Collission!
Paused is set on False
Paused is true
-66,66397
-460
Collission!
Paused is set on False
Paused is true
-66,66397
-460
Collission!
Paused is true
Paused is true
Paused is true
Paused is true
Paused is true
Paused is true
Paused is true
Paused is true
Paused is true
Paused is true
Paused is true
Paused is true
Paused is true
Paused is true
Paused is true
Paused is true
Paused is true
Paused is true
Paused is true
Paused is true
Paused is true
Paused is true
Paused is set on False
Paused is true
-66,66397
-460
Collission!
Paused is set on False
Paused is true
-66,66397
-460
Collission!
Paused is true
Paused is true
Paused is true
Paused is true
Paused is true
Paused is true
Paused is true
Paused is true
Paused is true
Paused is true
Paused is true
Paused is true
Paused is true
Paused is set on False
Paused is true
-66,66397
-460
Collission!
Paused is set on False
Paused is true
-66,66397
-460
Collission!
Paused is set on False
Paused is true
-66,66397
-460
-66,66397
-460
-66,66397
-460
-66,66397
-460
-66,66397
-460
-66,66397
-460
-66,66397
-460
-66,66397
-460
-66,66397
-460
-66,66397
-460
-66,66397
-460
-66,66397
-460
-66,66397
-460
-66,66397
-460
-66,66397
-460
-66,66397
-460
-66,66397
-460
-66,66397
-460
-66,66397
-460
-66,66397
-460
-66,66397
-460
-66,66397
-460
-66,66397
-460
-66,66397
-460
-66,66397
-460
-66,66397
-460
-66,66397
-460
-66,66397
-460
-66,66397
-460
-66,66397
-460
-66,66397
-460
-66,66397
-460
-66,66397
-460
-66,66397
-460
-66,66397
-460
-66,66397
-460
-66,66397
-460
-66,66397
-460
-66,66397
-460
-66,66397
-460
-66,66397
-460
-66,66397
-460
-66,66397
-460
-66,66397
-460
-66,66397
-460
-66,66397
-460
-66,66397
-460
-66,66397
-460
-66,66397
-460
-66,66397
-460
-66,66397
-460
-66,66397
-460
-66,66397
-460
-66,66397
-460
-66,66397
-460
-66,66397
-460
-66,66397
-460
-66,66397
-460
-66,66397
-460
-66,66397
-460
-66,66397
-460
-66,66397
-460
-66,66397
-460
-66,66397
-460
-66,66397
-460
-66,66397
-460
-66,66397
-460
-66,66397
-460
-66,66397
-460
-66,66397
-460
-66,66397
-460
-66,66397
-460
-66,66397
-460
-66,66397
-460
-66,66397
-460
-66,66397
-460
-66,66397
-460
-66,66397
-460
-66,66397
-460
-66,66397
-460
-66,66397
-460
-66,66397
-460
-66,66397
-460
-66,66397
-460
-66,66397
-460
-66,66397
-460
-66,66397
-460
-66,66397
-460
-66,66397
-460
-66,66397
-460
-66,66397
-460
-66,66397
-460
-66,66397
-460
-66,66397
-460
-66,66397
-460
-66,66397
-460
-66,66397
-460
-66,66397
-460
-66,66397
-460
-66,66397
-460
-66,66397
-460
-66,66397
-460
-66,66397
-460
-66,66397
-460
-66,66397
-460
-66,66397
-460
-66,66397
-460
-66,66397
-460
-66,66397
-460
-66,66397
-460
-66,66397
-460
-66,66397
-460
-66,66397
-460
-66,66397
-460
-66,66397
-460
-66,66397
-460
-66,66397
-460
-66,66397
-460
-66,66397
-460
-66,66397
-460
-66,66397
-460
-66,66397
-460
-66,66397
-460
-66,66397
-460
-66,66397
-460
-66,66397
-460
-66,66397
-460
-66,66397
-460
-66,66397
-460
-66,66397
-460
-66,66397
-460
-66,66397
-460
-66,66397
-460
-66,66397
-460
-66,66397
-460
-66,66397
-460
-66,66397
-460
-66,66397
-460
-66,66397
-460
-66,66397
-460
-66,66397
-460
-66,66397
-460
-66,66397
-460
-66,66397
-460
-66,66397
-460
-66,66397
-460
-66,66397
-460
-66,66397
-460
-66,66397
-460
-66,66397
-460
-66,66397
-460
-66,66397
-460
-66,66397
-460
-66,66397
-460
-66,66397
-460
-66,66397
-460
-66,66397
-460
-66,66397
-460
-66,66397
-460
-66,66397
-460
-66,66397
-460
-66,66397
-460
-66,66397
-460
-66,66397
-460
-66,66397
-460
-66,66397
-460
-66,66397
-460
-66,66397
-460
-66,66397
-460
-66,66397
-460
-66,66397
-460
-66,66397
-460
-66,66397
-460
-66,66397
-460
-66,66397
-460
-66,66397
-460
-66,66397
-460
-66,66397
-460
-66,66397
-460
-66,66397
-460
-66,66397
-460
-66,66397
-460
-66,66397
-460
-66,66397
-460
-66,66397
-460
-66,66397
-460
-66,66397
-460
-66,66397
-460
-66,66397
-460
-66,66397
-460
-66,66397
-460
-66,66397
-460
-66,66397
-460
-66,66397
-460
-66,66397
-460
-66,66397
-460
-66,66397
-460
-66,66397
-460
-66,66397
-460
-66,66397
-460
-66,66397
-460
-66,66397
-460
-66,66397
-460
-66,66397
-460
-66,66397
-460
-66,66397
-460
-66,66397
-460
-66,66397
-460
-66,66397
-460
-66,66397
-460
-66,66397
-460
-66,66397
-460
-66,66397
-460
-66,66397
-460
-66,66397
-460
-66,66397
-460
Collission!
Paused is true
Paused is true
Paused is true
Paused is true
Paused is true
Paused is true
Paused is true
Paused is true
Paused is true
Paused is true
Paused is true
Paused is true
Paused is true
Paused is true
Paused is true
Paused is true
Paused is true
Paused is true
Paused is true
Paused is true
Paused is true
Paused is true
Paused is true
Paused is true
Paused is true
Paused is true
Paused is true
Paused is true
Paused is true
Paused is true
Paused is true
Paused is true
Paused is true
Paused is true
Paused is true
Paused is true
Paused is true
Paused is true
Paused is true
Paused is true
Paused is true
Paused is true
Paused is true
Paused is true
Paused is true
Paused is true
Paused is true
Paused is true
Paused is true
Paused is true
Paused is true
Paused is true
Paused is true
Paused is true
Paused is true
Paused is true
Paused is true
Paused is true
Paused is true
Paused is true
Paused is true
Paused is true
Paused is true
Paused is true
Paused is true
Paused is true
Paused is true
Paused is true
Paused is true
Paused is true
Paused is true
Paused is true
Paused is true
Paused is true
Paused is true
Paused is true
Paused is true
Paused is true
Paused is true
Paused is true
Paused is true
Paused is true
Paused is true
Paused is true
Paused is true
Paused is true
Paused is true
Paused is true
Paused is set on False
Paused is true
-66,66397
-460
Collission!
Paused is set on False
Paused is true
-66,66397
-460
Collission!
Paused is set on False
Paused is true
-66,66397
-460
Collission!
Paused is set on False
Paused is true
-66,66397
-460
Collission!
Paused is true
Paused is true
Paused is true
Paused is true
Paused is true
Paused is true
Paused is true
Paused is true
Paused is true
Paused is true
Paused is true
Paused is true
Paused is true
Paused is true
Paused is true
Paused is true
Paused is true
Paused is true
Paused is true
Paused is true
Paused is true
Paused is true
Paused is true
Paused is true
Paused is true
Paused is true
Paused is true
Paused is true
Paused is true
Paused is true
Paused is true
Paused is true
Paused is true
Paused is true
Paused is true
Paused is true
Paused is true
Paused is true
Paused is true
Paused is true
Paused is true
Paused is true
Paused is true
Paused is true
Paused is true
Paused is true
Paused is true
Paused is true
Paused is set on False
Paused is true
-66,66397
-460
Collission!
Paused is set on False
Paused is true
-66,66397
-460
Collission!
Paused is set on False
Paused is true
-66,66397
-460
-66,66397
-460
-66,66397
-460
-66,66397
-460
-66,66397
-460
-66,66397
-460
-66,66397
-460
-66,66397
-460
-66,66397
-460
-66,66397
-460
-66,66397
-460
-66,66397
-460
-66,66397
-460
-66,66397
-460
-66,66397
-460
-66,66397
-460
-66,66397
-460
-66,66397
-460
-66,66397
-460
-66,66397
-460
-66,66397
-460
-66,66397
-460
-66,66397
-460
-66,66397
-460
-66,66397
-460
-66,66397
-460
-66,66397
-460
-66,66397
-460
-66,66397
-460
-66,66397
-460
-66,66397
-460
-66,66397
-460
-66,66397
-460
-66,66397
-460
-66,66397
-460
-66,66397
-460
-66,66397
-460
-66,66397
-460
-66,66397
-460
-66,66397
-460
-66,66397
-460
-66,66397
-460
-66,66397
-460
-66,66397
-460
-66,66397
-460
-66,66397
-460
-66,66397
-460
-66,66397
-460
-66,66397
-460
-66,66397
-460
-66,66397
-460
-66,66397
-460
-66,66397
-460
-66,66397
-460
-66,66397
-460
-66,66397
-460
-66,66397
-460
-66,66397
-460
-66,66397
-460
-66,66397
-460
-66,66397
-460
-66,66397
-460
-66,66397
-460
-66,66397
-460
-66,66397
-460
-66,66397
-460
-66,66397
-460
-66,66397
-460
-66,66397
-460
-66,66397
-460
-66,66397
-460
-66,66397
-460
-66,66397
-460
-66,66397
-460
-66,66397
-460
-66,66397
-460
-66,66397
-460
-66,66397
-460
-66,66397
-460
-66,66397
-460
-66,66397
-460
-66,66397
-460
-66,66397
-460
-66,66397
-460
-66,66397
-460
-66,66397
-460
-66,66397
-460
-66,66397
-460
-66,66397
-460
-66,66397
-460
-66,66397
-460
-66,66397
-460
-66,66397
-460
-66,66397
-460
-66,66397
-460
-66,66397
-460
-66,66397
-460
-66,66397
-460
-66,66397
-460
-66,66397
-460
-66,66397
-460
-66,66397
-460
-66,66397
-460
-66,66397
-460
-66,66397
-460
-66,66397
-460
-66,66397
-460
-66,66397
-460
-66,66397
-460
-66,66397
-460
-66,66397
-460
-66,66397
-460
-66,66397
-460
-66,66397
-460
-66,66397
-460
-66,66397
-460
-66,66397
-460
-66,66397
-460
-66,66397
-460
-66,66397
-460
-66,66397
-460
-66,66397
-460
-66,66397
-460
-66,66397
-460
-66,66397
-460
-66,66397
-460
-66,66397
-460
-66,66397
-460
-66,66397
-460
-66,66397
-460
-66,66397
-460
-66,66397
-460
-66,66397
-460
-66,66397
-460
-66,66397
-460
-66,66397
-460
-66,66397
-460
-66,66397
-460
-66,66397
-460
-66,66397
-460
-66,66397
-460
-66,66397
-460
-66,66397
-460
-66,66397
-460
-66,66397
-460
-66,66397
-460
-66,66397
-460
-66,66397
-460
-66,66397
-460
-66,66397
-460
-66,66397
-460
-66,66397
-460
-66,66397
-460
-66,66397
-460
-66,66397
-460
-66,66397
-460
-66,66397
-460
-66,66397
-460
-66,66397
-460
-66,66397
-460
-66,66397
-460
-66,66397
-460
-66,66397
-460
-66,66397
-460
-66,66397
-460
-66,66397
-460
-66,66397
-460
-66,66397
-460
-66,66397
-460
-66,66397
-460
-66,66397
-460
-66,66397
-460
-66,66397
-460
-66,66397
-460
-66,66397
-460
-66,66397
-460
-66,66397
-460
-66,66397
-460
-66,66397
-460
-66,66397
-460
-66,66397
-460
-66,66397
-460
-66,66397
-460
-66,66397
-460
-66,66397
-460
-66,66397
-460
-66,66397
-460
-66,66397
-460
-66,66397
-460
-66,66397
-460
-66,66397
-460
-66,66397
-460
-66,66397
-460
-66,66397
-460
-66,66397
-460
-66,66397
-460
-66,66397
-460
-66,66397
-460
-66,66397
-460
-66,66397
-460
-66,66397
-460
-66,66397
-460
-66,66397
-460
-66,66397
-460
-66,66397
-460
-66,66397
-460
-66,66397
-460
-66,66397
-460
-66,66397
-460
-66,66397
-460
-66,66397
-460
-66,66397
-460
-66,66397
-460
-66,66397
-460
-66,66397
-460
-66,66397
-460
-66,66397
-460
-66,66397
-460
-66,66397
-460
-66,66397
-460
-66,66397
-460
-66,66397
-460
-66,66397
-460
-66,66397
-460
-66,66397
-460
-66,66397
-460
-66,66397
-460
-66,66397
-460
-66,66397
-460
-66,66397
-460
-66,66397
-460
-66,66397
-460
-66,66397
-460
-66,66397
-460
-66,66397
-460
-66,66397
-460
-66,66397
-460
-66,66397
-460
-66,66397
-460
-66,66397
-460
-66,66397
-460
-66,66397
-460
-66,66397
-460
-66,66397
-460
-66,66397
-460
-66,66397
-460
-66,66397
-460
-66,66397
-460
-66,66397
-460
-66,66397
-460
-66,66397
-460
-66,66397
-460
-66,66397
-460
-66,66397
-460
-66,66397
-460
-66,66397
-460
-66,66397
-460
-66,66397
-460
-66,66397
-460
-66,66397
-460
-66,66397
-460
-66,66397
-460
-66,66397
-460
-66,66397
-460
-66,66397
-460
-66,66397
-460
-66,66397
-460
-66,66397
-460
-66,66397
-460
-66,66397
-460
-66,66397
-460
-66,66397
-460
-66,66397
-460
-66,66397
-460
-66,66397
-460
-66,66397
-460
-66,66397
-460
-66,66397
-460
-66,66397
-460
-66,66397
-460
-66,66397
-460
-66,66397
-460
-66,66397
-460
-66,66397
-460
-66,66397
-460
-66,66397
-460
-66,66397
-460
-66,66397
-460
-66,66397
-460
-66,66397
-460
-66,66397
-460
-66,66397
-460
-66,66397
-460
-66,66397
-460
-66,66397
-460
-66,66397
-460
-66,66397
-460
-66,66397
-460
-66,66397
-460
-66,66397
-460
-66,66397
-460
-66,66397
-460
-66,66397
-460
-66,66397
-460
-66,66397
-460
-66,66397
-460
-66,66397
-460
-66,66397
-460
-66,66397
-460
-66,66397
-460
-66,66397
-460
-66,66397
-460
-66,66397
-460
-66,66397
-460
-66,66397
-460
-66,66397
-460
-66,66397
-460
-66,66397
-460
-66,66397
-460
-66,66397
-460
-66,66397
-460
-66,66397
-460
-66,66397
-460
-66,66397
-460
-66,66397
-460
-66,66397
-460
-66,66397
-460
-66,66397
-460
-66,66397
-460
-66,66397
-460
-66,66397
-460
-66,66397
-460
-66,66397
-460
-66,66397
-460
-66,66397
-460
-66,66397
-460
-66,66397
-460
-66,66397
-460
-66,66397
-460
-66,66397
-460
-66,66397
-460
-66,66397
-460
-66,66397
-460
-66,66397
-460
-66,66397
-460
-66,66397
-460
-66,66397
-460
-66,66397
-460
-66,66397
-460
-66,66397
-460
-66,66397
-460
-66,66397
-460
-66,66397
-460
-66,66397
-460
-66,66397
-460
-66,66397
-460
-66,66397
-460
-66,66397
-460
-66,66397
-460
-66,66397
-460
-66,66397
-460
-66,66397
-460
-66,66397
-460
-66,66397
-460
-66,66397
-460
-66,66397
-460
-66,66397
-460
-66,66397
-460
-66,66397
-460
-66,66397
-460
-66,66397
-460
-66,66397
-460
-66,66397
-460
-66,66397
-460
-66,66397
-460
-66,66397
-460
-66,66397
-460
-66,66397
-460
-66,66397
-460
-66,66397
-460
-66,66397
-460
-66,66397
-460
-66,66397
-460
-66,66397
-460
-66,66397
-460
-66,66397
-460
-66,66397
-460
-66,66397
-460
-66,66397
-460
-66,66397
-460
-66,66397
-460
-66,66397
-460
-66,66397
-460
-66,66397
-460
-66,66397
-460
-66,66397
-460
-66,66397
-460
-66,66397
-460
-66,66397
-460
-66,66397
-460
-66,66397
-460
-66,66397
-460
-66,66397
-460
-66,66397
-460
-66,66397
-460
-66,66397
-460
-66,66397
-460
-66,66397
-460
-66,66397
-460
-66,66397
-460
-66,66397
-460
-66,66397
-460
-66,66397
-460
-66,66397
-460
-66,66397
-460
-66,66397
-460
-66,66397
-460
-66,66397
-460
-66,66397
-460
-66,66397
-460
-66,66397
-460
-66,66397
-460
-66,66397
-460
-66,66397
-460
-66,66397
-460
-66,66397
-460
-66,66397
-460
-66,66397
-460
-66,66397
-460
-66,66397
-460
-66,66397
-460
-66,66397
-460
-66,66397
-460
-66,66397
-460
-66,66397
-460
-66,66397
-460
-66,66397
-460
-66,66397
-460
-66,66397
-460
-66,66397
-460
-66,66397
-460
-66,66397
-460
-66,66397
-460
-66,66397
-460
-66,66397
-460
-66,66397
-460
-66,66397
-460
-66,66397
-460
-66,66397
-460
-66,66397
-460
-66,66397
-460
-66,66397
-460
-66,66397
-460
-66,66397
-460
-66,66397
-460
-66,66397
-460
-66,66397
-460
-66,66397
-460
-66,66397
-460
-66,66397
-460
-66,66397
-460
-66,66397
-460
-66,66397
-460
-66,66397
-460
-66,66397
-460
-66,66397
-460
-66,66397
-460
-66,66397
-460
-66,66397
-460
-66,66397
-460
-66,66397
-460
-66,66397
-460
-66,66397
-460
-66,66397
-460
-66,66397
-460
-66,66397
-460
-66,66397
-460
-66,66397
-460
-66,66397
-460
-66,66397
-460
-66,66397
-460
-66,66397
-460
-66,66397
-460
-66,66397
-460
-66,66397
-460
-66,66397
-460
-66,66397
-460
-66,66397
-460
-66,66397
-460
-66,66397
-460
-66,66397
-460
-66,66397
-460
-66,66397
-460
-66,66397
-460
-66,66397
-460
-66,66397
-460
-66,66397
-460
-66,66397
-460
-66,66397
-460
-66,66397
-460
-66,66397
-460
-66,66397
-460
-66,66397
-460
-66,66397
-460
-66,66397
-460
-66,66397
-460
-66,66397
-460
-66,66397
-460
-66,66397
-460
-66,66397
-460
-66,66397
-460
-66,66397
-460
-66,66397
-460
-66,66397
-460
-66,66397
-460
-66,66397
-460
-66,66397
-460
-66,66397
-460
-66,66397
-460
-66,66397
-460
-66,66397
-460
-66,66397
-460
-66,66397
-460
-66,66397
-460
-66,66397
-460
-66,66397
-460
-66,66397
-460
-66,66397
-460
-66,66397
-460
-66,66397
-460
-66,66397
-460
-66,66397
-460
-66,66397
-460
-66,66397
-460
-66,66397
-460
-66,66397
-460
-66,66397
-460
-66,66397
-460
-66,66397
-460
-66,66397
-460
-66,66397
-460
-66,66397
-460
-66,66397
-460
-66,66397
-460
-66,66397
-460
-66,66397
-460
-66,66397
-460
-66,66397
-460
-66,66397
-460
-66,66397
-460
-66,66397
-460
-66,66397
-460
-66,66397
-460
-66,66397
-460
-66,66397
-460
-66,66397
-460
-66,66397
-460
-66,66397
-460
-66,66397
-460
-66,66397
-460
-66,66397
-460
-66,66397
-460
-66,66397
-460
-66,66397
-460
-66,66397
-460
-66,66397
-460
-66,66397
-460
-66,66397
-460
-66,66397
-460
-66,66397
-460
-66,66397
-460
-66,66397
-460
-66,66397
-460
-66,66397
-460
-66,66397
-460
-66,66397
-460
-66,66397
-460
-66,66397
-460
-66,66397
-460
-66,66397
-460
-66,66397
-460
-66,66397
-460
-66,66397
-460
-66,66397
-460
-66,66397
-460
-66,66397
-460
-66,66397
-460
-66,66397
-460
-66,66397
-460
